2025-04-08 21:43:25,998 - seo_crawler - INFO - Processing sitemap: https://internetvalore.it/sitemap.xml
2025-04-08 21:43:26,813 - seo_crawler - INFO - Processing sitemap
2025-04-08 21:43:26,821 - seo_crawler - INFO - Crawling website: https://internetvalore.it
2025-04-08 21:43:26,821 - seo_crawler - INFO - Visiting URL: https://internetvalore.it (depth: 0)
2025-04-08 21:43:32,113 - seo_content_loader - INFO - Loaded URL: https://internetvalore.it (status code: 200)
2025-04-08 21:43:32,207 - seo_content_loader - INFO - Loaded URL: https://internetvalore.it/en/instant-websites (status code: 200)
2025-04-08 21:43:32,207 - seo_content_loader - INFO - Loaded URL: https://internetvalore.it/en/specializations (status code: 200)
2025-04-08 21:43:32,207 - seo_content_loader - INFO - Loaded URL: https://internetvalore.it/en/flipping-catalog (status code: 200)
2025-04-08 21:43:32,208 - seo_content_loader - INFO - Loaded URL: https://internetvalore.it/en/services/rispondi-subito (status code: 200)
2025-04-08 21:43:32,212 - seo_content_loader - INFO - Loaded URL: https://internetvalore.it/en/ (status code: 200)
2025-04-08 21:43:32,212 - seo_content_loader - INFO - Loaded URL: https://internetvalore.it/it/services/ecommerce (status code: 200)
2025-04-08 21:43:32,224 - seo_content_loader - INFO - Loaded URL: https://internetvalore.it/it/instant-websites (status code: 200)
2025-04-08 21:43:32,225 - seo_content_loader - INFO - Loaded URL: https://internetvalore.it/en/testimonials (status code: 200)
2025-04-08 21:43:32,225 - seo_content_loader - INFO - Loaded URL: https://internetvalore.it/en/contact (status code: 200)
2025-04-08 21:43:32,227 - seo_content_loader - INFO - Loaded URL: https://internetvalore.it/it/specializations (status code: 200)
2025-04-08 21:43:32,228 - seo_content_loader - INFO - Loaded URL: https://internetvalore.it/it/testimonials (status code: 200)
2025-04-08 21:43:32,229 - seo_content_loader - INFO - Loaded URL: https://internetvalore.it/it/about (status code: 200)
2025-04-08 21:43:32,230 - seo_content_loader - INFO - Loaded URL: https://internetvalore.it/en/services/ads (status code: 200)
2025-04-08 21:43:32,230 - seo_content_loader - INFO - Loaded URL: https://internetvalore.it/en/services/lead-generation (status code: 200)
2025-04-08 21:43:32,231 - seo_content_loader - INFO - Loaded URL: https://internetvalore.it/en/services/analytics (status code: 200)
2025-04-08 21:43:32,232 - seo_content_loader - INFO - Loaded URL: https://internetvalore.it/en/about (status code: 200)
2025-04-08 21:43:32,232 - seo_content_loader - INFO - Loaded URL: https://internetvalore.it/it/services/rispondi-subito (status code: 200)
2025-04-08 21:43:32,232 - seo_content_loader - INFO - Loaded URL: https://internetvalore.it/it/services/lead-generation (status code: 200)
2025-04-08 21:43:32,232 - seo_content_loader - INFO - Loaded URL: https://internetvalore.it/it/landing-page-professionali (status code: 200)
2025-04-08 21:43:32,232 - seo_content_loader - INFO - Loaded URL: https://internetvalore.it/it/flipping-catalog (status code: 200)
2025-04-08 21:43:32,233 - seo_content_loader - INFO - Loaded URL: https://internetvalore.it/it/services/analytics (status code: 200)
2025-04-08 21:43:32,234 - seo_content_loader - INFO - Loaded URL: https://internetvalore.it/en/services/ecommerce (status code: 200)
2025-04-08 21:43:32,234 - seo_content_loader - INFO - Loaded URL: https://internetvalore.it/it/ (status code: 200)
2025-04-08 21:43:32,234 - seo_content_loader - INFO - Loaded URL: https://internetvalore.it/en/landing-page-professionali (status code: 200)
2025-04-08 21:43:32,235 - seo_content_loader - INFO - Loaded URL: https://internetvalore.it/it/services/ads (status code: 200)
2025-04-08 21:43:32,235 - seo_content_loader - INFO - Loaded URL: https://internetvalore.it/it/contact (status code: 200)
2025-04-08 21:44:02,682 - seo_links - INFO - Analyzing links
2025-04-08 21:44:02,684 - seo_links - INFO - Analyzed links for URL: https://internetvalore.it/it/services/lead-generation (found: 0)
2025-04-08 21:44:02,685 - seo_links - INFO - Analyzed links for URL: https://internetvalore.it/it/contact (found: 0)
2025-04-08 21:44:02,686 - seo_links - INFO - Analyzed links for URL: https://internetvalore.it/en/contact (found: 0)
2025-04-08 21:44:02,687 - seo_links - INFO - Analyzed links for URL: https://internetvalore.it/it/services/rispondi-subito (found: 0)
2025-04-08 21:44:02,688 - seo_links - INFO - Analyzed links for URL: https://internetvalore.it/en/about (found: 0)
2025-04-08 21:44:02,689 - seo_links - INFO - Analyzed links for URL: https://internetvalore.it/en/instant-websites (found: 0)
2025-04-08 21:44:02,689 - seo_links - INFO - Analyzed links for URL: https://internetvalore.it (found: 0)
2025-04-08 21:44:02,690 - seo_links - INFO - Analyzed links for URL: https://internetvalore.it/en/flipping-catalog (found: 0)
2025-04-08 21:44:02,691 - seo_links - INFO - Analyzed links for URL: https://internetvalore.it/it/specializations (found: 0)
2025-04-08 21:44:02,692 - seo_links - INFO - Analyzed links for URL: https://internetvalore.it/it/services/ads (found: 0)
2025-04-08 21:44:02,693 - seo_links - INFO - Analyzed links for URL: https://internetvalore.it/en/services/analytics (found: 0)
2025-04-08 21:44:02,694 - seo_links - INFO - Analyzed links for URL: https://internetvalore.it/it/about (found: 0)
2025-04-08 21:44:02,694 - seo_links - INFO - Analyzed links for URL: https://internetvalore.it/en/services/lead-generation (found: 0)
2025-04-08 21:44:02,695 - seo_links - INFO - Analyzed links for URL: https://internetvalore.it/it/landing-page-professionali (found: 0)
2025-04-08 21:44:02,696 - seo_links - INFO - Analyzed links for URL: https://internetvalore.it/en/services/ecommerce (found: 0)
2025-04-08 21:44:02,697 - seo_links - INFO - Analyzed links for URL: https://internetvalore.it/it/flipping-catalog (found: 0)
2025-04-08 21:44:02,698 - seo_links - INFO - Analyzed links for URL: https://internetvalore.it/en/services/ads (found: 0)
2025-04-08 21:44:02,698 - seo_links - INFO - Analyzed links for URL: https://internetvalore.it/en/services/rispondi-subito (found: 0)
2025-04-08 21:44:02,700 - seo_links - INFO - Analyzed links for URL: https://internetvalore.it/en/ (found: 0)
2025-04-08 21:44:02,701 - seo_links - INFO - Analyzed links for URL: https://internetvalore.it/it/services/ecommerce (found: 0)
2025-04-08 21:44:02,701 - seo_links - INFO - Analyzed links for URL: https://internetvalore.it/en/specializations (found: 0)
2025-04-08 21:44:02,702 - seo_links - INFO - Analyzed links for URL: https://internetvalore.it/it/ (found: 0)
2025-04-08 21:44:02,703 - seo_links - INFO - Analyzed links for URL: https://internetvalore.it/it/services/analytics (found: 0)
2025-04-08 21:44:02,704 - seo_links - INFO - Analyzed links for URL: https://internetvalore.it/en/landing-page-professionali (found: 0)
2025-04-08 21:44:02,704 - seo_links - INFO - Analyzed links for URL: https://internetvalore.it/it/instant-websites (found: 0)
2025-04-08 21:44:02,705 - seo_links - INFO - Analyzed links for URL: https://internetvalore.it/en/testimonials (found: 0)
2025-04-08 21:44:02,706 - seo_links - INFO - Analyzed links for URL: https://internetvalore.it/it/testimonials (found: 0)
2025-04-08 21:44:02,706 - seo_reachability - INFO - Analyzing reachability
2025-04-08 21:44:02,708 - seo_reachability - INFO - Analyzing reachability
2025-04-08 21:44:12,107 - seo_main_topic - INFO - Analyzing main topics
