2025-04-06 15:50:35,849 - seo_crawler - INFO - Crawling website: https://www.idrostar.net
2025-04-06 15:50:35,849 - seo_crawler - INFO - Visiting URL: https://www.idrostar.net (depth: 0)
2025-04-06 15:50:39,840 - seo_crawler - INFO - Visiting URL: https://www.idrostar.net/ (depth: 1)
2025-04-06 15:50:40,892 - seo_crawler - INFO - Visiting URL: https://www.idrostar.net/azienda/ (depth: 1)
2025-04-06 15:50:41,952 - seo_crawler - INFO - Visiting URL: https://www.idrostar.net/contatti/ (depth: 1)
2025-04-06 15:50:42,973 - seo_crawler - INFO - Visiting URL: https://www.idrostar.net/gruppi-antincendio/ (depth: 1)
2025-04-06 15:50:44,112 - seo_crawler - INFO - Visiting URL: https://www.idrostar.net/gruppi-antincendio/#end-suction (depth: 1)
2025-04-06 15:50:45,130 - seo_crawler - INFO - Visiting URL: https://www.idrostar.net/gruppi-antincendio/#vertical-turbin-pump (depth: 1)
2025-04-06 15:50:46,295 - seo_crawler - INFO - Visiting URL: https://www.idrostar.net/t-room-locali-tecnici/ (depth: 1)
2025-04-06 15:50:47,360 - seo_crawler - INFO - Visiting URL: https://www.idrostar.net/news/ (depth: 1)
2025-04-06 15:50:48,463 - seo_crawler - INFO - Visiting URL: https://www.idrostar.net/sistemi-integrati/ (depth: 1)
2025-04-06 15:50:49,723 - seo_crawler - INFO - Visiting URL: https://www.idrostar.net/info@idrostar.net (depth: 1)
2025-04-06 15:50:50,704 - seo_crawler - INFO - Visiting URL: https://www.idrostar.net/azienda/info@idrostar.net (depth: 2)
2025-04-06 15:50:51,676 - seo_crawler - INFO - Visiting URL: https://www.idrostar.net/contatti/info@idrostar.net (depth: 2)
2025-04-06 15:50:52,595 - seo_crawler - INFO - Visiting URL: https://www.idrostar.net/gruppi-antincendio/info@idrostar.net (depth: 2)
2025-04-06 15:50:53,552 - seo_crawler - INFO - Visiting URL: https://www.idrostar.net/t-room-locali-tecnici/info@idrostar.net (depth: 2)
2025-04-06 15:50:54,552 - seo_crawler - INFO - Visiting URL: https://www.idrostar.net/category/news/ (depth: 2)
2025-04-06 15:50:55,674 - seo_crawler - INFO - Visiting URL: https://www.idrostar.net/2025/01/04/qual-e-limportanza-delladdestramento-del-personale-sulluso-dei-gruppi-antincendio/ (depth: 2)
2025-04-06 15:50:56,815 - seo_crawler - INFO - Visiting URL: https://www.idrostar.net/2025/01/04/quali-sono-i-requisiti-per-la-manutenzione-preventiva-dei-gruppi-antincendio/ (depth: 2)
2025-04-06 15:50:57,783 - seo_crawler - INFO - Visiting URL: https://www.idrostar.net/2025/01/04/costi-associati-allinstallazione-di-un-gruppo-antincendio-in-unazienda/ (depth: 2)
2025-04-06 15:50:58,734 - seo_crawler - INFO - Visiting URL: https://www.idrostar.net/2025/01/04/quali-sono-i-requisiti-per-linstallazione-di-un-sistema-di-gruppo-antincendio-in-un-edificio-ad-uso-commerciale/ (depth: 2)
2025-04-06 15:50:59,730 - seo_crawler - INFO - Visiting URL: https://www.idrostar.net/2024/12/17/idrostar-leader-nel-mercato-dei-gruppi-antincendio/ (depth: 2)
2025-04-06 15:51:00,835 - seo_crawler - INFO - Visiting URL: https://www.idrostar.net/news/page/2/ (depth: 2)
2025-04-06 15:51:02,271 - seo_crawler - INFO - Visiting URL: https://www.idrostar.net/news/info@idrostar.net (depth: 2)
2025-04-06 15:51:03,161 - seo_crawler - INFO - Visiting URL: https://www.idrostar.net/sistemi-integrati/info@idrostar.net (depth: 2)
2025-04-06 15:51:04,190 - seo_crawler - INFO - Visiting URL: https://www.idrostar.net/category/news/page/2/ (depth: 3)
2025-04-06 15:51:05,155 - seo_crawler - INFO - Visiting URL: https://www.idrostar.net/category/news/info@idrostar.net (depth: 3)
2025-04-06 15:51:06,130 - seo_crawler - INFO - Visiting URL: https://www.idrostar.net/2025/01/04/qual-e-limportanza-delladdestramento-del-personale-sulluso-dei-gruppi-antincendio/info@idrostar.net (depth: 3)
2025-04-06 15:51:07,169 - seo_crawler - INFO - Visiting URL: https://www.idrostar.net/2025/01/04/quali-sono-i-requisiti-per-la-manutenzione-preventiva-dei-gruppi-antincendio/info@idrostar.net (depth: 3)
2025-04-06 15:51:08,142 - seo_crawler - INFO - Visiting URL: https://www.idrostar.net/2025/01/04/costi-associati-allinstallazione-di-un-gruppo-antincendio-in-unazienda/info@idrostar.net (depth: 3)
2025-04-06 15:51:09,102 - seo_crawler - INFO - Visiting URL: https://www.idrostar.net/2025/01/04/quali-sono-i-requisiti-per-linstallazione-di-un-sistema-di-gruppo-antincendio-in-un-edificio-ad-uso-commerciale/info@idrostar.net (depth: 3)
2025-04-06 15:51:10,180 - seo_crawler - INFO - Visiting URL: https://www.idrostar.net/2024/12/17/idrostar-leader-nel-mercato-dei-gruppi-antincendio/info@idrostar.net (depth: 3)
2025-04-06 15:51:11,099 - seo_crawler - INFO - Visiting URL: https://www.idrostar.net/2024/09/29/i-punti-imprescindibili-nella-scelta-di-un-gruppo-antincendio/ (depth: 3)
2025-04-06 15:51:12,023 - seo_crawler - INFO - Visiting URL: https://www.idrostar.net/2024/07/10/idrostar-gruppi-antincendio-affidabili/ (depth: 3)
2025-04-06 15:51:13,027 - seo_crawler - INFO - Visiting URL: https://www.idrostar.net/news/page/1/ (depth: 3)
2025-04-06 15:51:14,142 - seo_crawler - INFO - Visiting URL: https://www.idrostar.net/news/page/2/info@idrostar.net (depth: 3)
2025-04-06 15:51:15,124 - seo_crawler - INFO - Visiting URL: https://www.idrostar.net/category/news/page/1/ (depth: 4)
2025-04-06 15:51:16,292 - seo_crawler - INFO - Visiting URL: https://www.idrostar.net/category/news/page/2/info@idrostar.net (depth: 4)
2025-04-06 15:51:17,252 - seo_crawler - INFO - Visiting URL: https://www.idrostar.net/2024/09/29/i-punti-imprescindibili-nella-scelta-di-un-gruppo-antincendio/info@idrostar.net (depth: 4)
2025-04-06 15:51:18,185 - seo_crawler - INFO - Visiting URL: https://www.idrostar.net/2024/07/10/idrostar-gruppi-antincendio-affidabili/info@idrostar.net (depth: 4)
2025-04-06 15:51:19,226 - seo_crawler - INFO - Visiting URL: https://www.idrostar.net/news/page/1/info@idrostar.net (depth: 4)
2025-04-06 15:51:20,089 - seo_crawler - INFO - Visiting URL: https://www.idrostar.net/category/news/page/1/info@idrostar.net (depth: 5)
