2025-04-06 19:15:02,783 - seo_crawler - INFO - Processing sitemap: https://internetvalore.it/sitemap.xml
2025-04-06 19:15:03,260 - seo_crawler - INFO - Processing sitemap
2025-04-06 19:15:03,270 - seo_crawler - INFO - Crawling website: https://internetvalore.it
2025-04-06 19:15:03,270 - seo_crawler - INFO - Visiting URL: https://internetvalore.it (depth: 0)
2025-04-06 19:15:06,950 - seo_content_loader - INFO - Loaded URL: https://internetvalore.it/en/services/analytics (status code: 200)
2025-04-06 19:15:06,950 - seo_content_loader - INFO - Loaded URL: https://internetvalore.it/en/landing-page-professionali (status code: 200)
2025-04-06 19:15:06,952 - seo_content_loader - INFO - Loaded URL: https://internetvalore.it/about (status code: 200)
2025-04-06 19:15:06,952 - seo_content_loader - INFO - Loaded URL: https://internetvalore.it (status code: 200)
2025-04-06 19:15:06,953 - seo_content_loader - INFO - Loaded URL: https://internetvalore.it/ (status code: 200)
2025-04-06 19:15:06,953 - seo_content_loader - INFO - Loaded URL: https://internetvalore.it/services/ecommerce (status code: 200)
2025-04-06 19:15:06,953 - seo_content_loader - INFO - Loaded URL: https://internetvalore.it/en/instant-websites (status code: 200)
2025-04-06 19:15:06,957 - seo_content_loader - INFO - Loaded URL: https://internetvalore.it/en/services/ads (status code: 200)
2025-04-06 19:15:06,957 - seo_content_loader - INFO - Loaded URL: https://internetvalore.it/flipping-catalog (status code: 200)
2025-04-06 19:15:06,958 - seo_content_loader - INFO - Loaded URL: https://internetvalore.it/en/flipping-catalog (status code: 200)
2025-04-06 19:15:06,959 - seo_content_loader - INFO - Loaded URL: https://internetvalore.it/en/services/ecommerce (status code: 200)
2025-04-06 19:15:06,960 - seo_content_loader - INFO - Loaded URL: https://internetvalore.it/services/analytics (status code: 200)
2025-04-06 19:15:06,960 - seo_content_loader - INFO - Loaded URL: https://internetvalore.it/services/rispondi-subito (status code: 200)
2025-04-06 19:15:06,960 - seo_content_loader - INFO - Loaded URL: https://internetvalore.it/services/lead-generation (status code: 200)
2025-04-06 19:15:06,962 - seo_content_loader - INFO - Loaded URL: https://internetvalore.it/specializations (status code: 200)
2025-04-06 19:15:06,964 - seo_content_loader - INFO - Loaded URL: https://internetvalore.it/instant-websites (status code: 200)
2025-04-06 19:15:06,965 - seo_content_loader - INFO - Loaded URL: https://internetvalore.it/en/services/rispondi-subito (status code: 200)
2025-04-06 19:15:06,968 - seo_content_loader - INFO - Loaded URL: https://internetvalore.it/en/ (status code: 200)
2025-04-06 19:15:06,969 - seo_content_loader - INFO - Loaded URL: https://internetvalore.it/landing-page-professionali (status code: 200)
2025-04-06 19:15:06,969 - seo_content_loader - INFO - Loaded URL: https://internetvalore.it/services/ads (status code: 200)
2025-04-06 19:15:06,970 - seo_content_loader - INFO - Loaded URL: https://internetvalore.it/en/services/lead-generation (status code: 200)
2025-04-06 19:15:06,970 - seo_content_loader - INFO - Loaded URL: https://internetvalore.it/en/about (status code: 200)
2025-04-06 19:15:06,970 - seo_content_loader - INFO - Loaded URL: https://internetvalore.it/en/specializations (status code: 200)
2025-04-06 19:15:33,037 - seo_links - INFO - Analyzing links
2025-04-06 19:15:33,039 - seo_links - INFO - Analyzed links for URL: https://internetvalore.it/en/services/analytics (found: 0)
2025-04-06 19:15:33,042 - seo_links - INFO - Analyzed links for URL: https://internetvalore.it/en/landing-page-professionali (found: 0)
2025-04-06 19:15:33,043 - seo_links - INFO - Analyzed links for URL: https://internetvalore.it (found: 0)
2025-04-06 19:15:33,045 - seo_links - INFO - Analyzed links for URL: https://internetvalore.it/services/ecommerce (found: 0)
2025-04-06 19:15:33,046 - seo_links - INFO - Analyzed links for URL: https://internetvalore.it/about (found: 0)
2025-04-06 19:15:33,048 - seo_links - INFO - Analyzed links for URL: https://internetvalore.it/en/instant-websites (found: 0)
2025-04-06 19:15:33,055 - seo_links - INFO - Analyzed links for URL: https://internetvalore.it/ (found: 0)
2025-04-06 19:15:33,057 - seo_links - INFO - Analyzed links for URL: https://internetvalore.it/services/ads (found: 0)
2025-04-06 19:15:33,059 - seo_links - INFO - Analyzed links for URL: https://internetvalore.it/en/services/rispondi-subito (found: 0)
2025-04-06 19:15:33,060 - seo_links - INFO - Analyzed links for URL: https://internetvalore.it/en/services/ads (found: 0)
2025-04-06 19:15:33,062 - seo_links - INFO - Analyzed links for URL: https://internetvalore.it/specializations (found: 0)
2025-04-06 19:15:33,063 - seo_links - INFO - Analyzed links for URL: https://internetvalore.it/flipping-catalog (found: 0)
2025-04-06 19:15:33,065 - seo_links - INFO - Analyzed links for URL: https://internetvalore.it/en/flipping-catalog (found: 0)
2025-04-06 19:15:33,066 - seo_links - INFO - Analyzed links for URL: https://internetvalore.it/en/services/lead-generation (found: 0)
2025-04-06 19:15:33,068 - seo_links - INFO - Analyzed links for URL: https://internetvalore.it/en/ (found: 0)
2025-04-06 19:15:33,070 - seo_links - INFO - Analyzed links for URL: https://internetvalore.it/services/analytics (found: 0)
2025-04-06 19:15:33,071 - seo_links - INFO - Analyzed links for URL: https://internetvalore.it/services/rispondi-subito (found: 0)
2025-04-06 19:15:33,073 - seo_links - INFO - Analyzed links for URL: https://internetvalore.it/services/lead-generation (found: 0)
2025-04-06 19:15:33,075 - seo_links - INFO - Analyzed links for URL: https://internetvalore.it/en/about (found: 0)
2025-04-06 19:15:33,076 - seo_links - INFO - Analyzed links for URL: https://internetvalore.it/en/specializations (found: 0)
2025-04-06 19:15:33,078 - seo_links - INFO - Analyzed links for URL: https://internetvalore.it/instant-websites (found: 0)
2025-04-06 19:15:33,080 - seo_links - INFO - Analyzed links for URL: https://internetvalore.it/landing-page-professionali (found: 0)
2025-04-06 19:15:33,081 - seo_links - INFO - Analyzed links for URL: https://internetvalore.it/en/services/ecommerce (found: 0)
2025-04-06 19:15:33,081 - seo_reachability - INFO - Analyzing reachability
2025-04-06 19:15:33,083 - seo_reachability - INFO - Analyzing reachability
2025-04-06 19:15:41,122 - seo_main_topic - INFO - Analyzing main topics
