2025-04-08 22:14:43,603 - seo_crawler - INFO - Processing sitemap: https://internetvalore.it/sitemap.xml
2025-04-08 22:14:43,803 - seo_crawler - INFO - Processing sitemap
2025-04-08 22:14:43,807 - seo_crawler - INFO - Crawling website: https://internetvalore.it
2025-04-08 22:14:43,807 - seo_crawler - INFO - Visiting URL: https://internetvalore.it (depth: 0)
2025-04-08 22:14:47,423 - seo_content_loader - INFO - Loaded URL: https://internetvalore.it/it/services/ads (status code: 200)
2025-04-08 22:14:47,423 - seo_content_loader - INFO - Loaded URL: https://internetvalore.it/it/about (status code: 200)
2025-04-08 22:14:47,423 - seo_content_loader - INFO - Loaded URL: https://internetvalore.it/en/flipping-catalog (status code: 200)
2025-04-08 22:14:47,423 - seo_content_loader - INFO - Loaded URL: https://internetvalore.it/en/contact (status code: 200)
2025-04-08 22:14:47,439 - seo_content_loader - INFO - Loaded URL: https://internetvalore.it/it/services/rispondi-subito (status code: 200)
2025-04-08 22:14:47,439 - seo_content_loader - INFO - Loaded URL: https://internetvalore.it/en/instant-websites (status code: 200)
2025-04-08 22:14:47,439 - seo_content_loader - INFO - Loaded URL: https://internetvalore.it/en/about (status code: 200)
2025-04-08 22:14:47,439 - seo_content_loader - INFO - Loaded URL: https://internetvalore.it/it/services/lead-generation (status code: 200)
2025-04-08 22:14:47,439 - seo_content_loader - INFO - Loaded URL: https://internetvalore.it/en/landing-page-professionali (status code: 200)
2025-04-08 22:14:47,439 - seo_content_loader - INFO - Loaded URL: https://internetvalore.it/it/flipping-catalog (status code: 200)
2025-04-08 22:14:47,439 - seo_content_loader - INFO - Loaded URL: https://internetvalore.it/en/services/rispondi-subito (status code: 200)
2025-04-08 22:14:47,439 - seo_content_loader - INFO - Loaded URL: https://internetvalore.it/it/testimonials (status code: 200)
2025-04-08 22:14:47,439 - seo_content_loader - INFO - Loaded URL: https://internetvalore.it/it/instant-websites (status code: 200)
2025-04-08 22:14:47,456 - seo_content_loader - INFO - Loaded URL: https://internetvalore.it/it/landing-page-professionali (status code: 200)
2025-04-08 22:14:47,456 - seo_content_loader - INFO - Loaded URL: https://internetvalore.it/en/services/lead-generation (status code: 200)
2025-04-08 22:14:47,456 - seo_content_loader - INFO - Loaded URL: https://internetvalore.it/it/services/ecommerce (status code: 200)
2025-04-08 22:14:47,456 - seo_content_loader - INFO - Loaded URL: https://internetvalore.it/it/ (status code: 200)
2025-04-08 22:14:47,456 - seo_content_loader - INFO - Loaded URL: https://internetvalore.it/it/services/analytics (status code: 200)
2025-04-08 22:14:47,456 - seo_content_loader - INFO - Loaded URL: https://internetvalore.it/it/specializations (status code: 200)
2025-04-08 22:14:47,456 - seo_content_loader - INFO - Loaded URL: https://internetvalore.it/en/specializations (status code: 200)
2025-04-08 22:14:47,456 - seo_content_loader - INFO - Loaded URL: https://internetvalore.it/en/services/ads (status code: 200)
2025-04-08 22:14:47,456 - seo_content_loader - INFO - Loaded URL: https://internetvalore.it (status code: 200)
2025-04-08 22:14:47,456 - seo_content_loader - INFO - Loaded URL: https://internetvalore.it/en/services/ecommerce (status code: 200)
2025-04-08 22:14:47,456 - seo_content_loader - INFO - Loaded URL: https://internetvalore.it/it/contact (status code: 200)
2025-04-08 22:14:47,456 - seo_content_loader - INFO - Loaded URL: https://internetvalore.it/en/ (status code: 200)
2025-04-08 22:14:47,456 - seo_content_loader - INFO - Loaded URL: https://internetvalore.it/en/services/analytics (status code: 200)
2025-04-08 22:14:47,456 - seo_content_loader - INFO - Loaded URL: https://internetvalore.it/en/testimonials (status code: 200)
2025-04-08 22:15:07,948 - seo_links - INFO - Analyzing links
2025-04-08 22:15:07,948 - seo_links - INFO - Analyzed links for URL: https://internetvalore.it/it/ (found: 0)
2025-04-08 22:15:07,948 - seo_links - INFO - Analyzed links for URL: https://internetvalore.it (found: 0)
2025-04-08 22:15:07,948 - seo_links - INFO - Analyzed links for URL: https://internetvalore.it/it/services/rispondi-subito (found: 0)
2025-04-08 22:15:07,948 - seo_links - INFO - Analyzed links for URL: https://internetvalore.it/it/landing-page-professionali (found: 0)
2025-04-08 22:15:07,948 - seo_links - INFO - Analyzed links for URL: https://internetvalore.it/it/instant-websites (found: 0)
2025-04-08 22:15:07,948 - seo_links - INFO - Analyzed links for URL: https://internetvalore.it/it/services/ecommerce (found: 0)
2025-04-08 22:15:07,948 - seo_links - INFO - Analyzed links for URL: https://internetvalore.it/it/contact (found: 0)
2025-04-08 22:15:07,948 - seo_links - INFO - Analyzed links for URL: https://internetvalore.it/it/services/lead-generation (found: 0)
2025-04-08 22:15:07,964 - seo_links - INFO - Analyzed links for URL: https://internetvalore.it/en/ (found: 0)
2025-04-08 22:15:07,964 - seo_links - INFO - Analyzed links for URL: https://internetvalore.it/en/landing-page-professionali (found: 0)
2025-04-08 22:15:07,964 - seo_links - INFO - Analyzed links for URL: https://internetvalore.it/en/services/analytics (found: 0)
2025-04-08 22:15:07,964 - seo_links - INFO - Analyzed links for URL: https://internetvalore.it/en/flipping-catalog (found: 0)
2025-04-08 22:15:07,964 - seo_links - INFO - Analyzed links for URL: https://internetvalore.it/en/contact (found: 0)
2025-04-08 22:15:07,964 - seo_links - INFO - Analyzed links for URL: https://internetvalore.it/it/flipping-catalog (found: 0)
2025-04-08 22:15:07,964 - seo_links - INFO - Analyzed links for URL: https://internetvalore.it/en/services/rispondi-subito (found: 0)
2025-04-08 22:15:07,970 - seo_links - INFO - Analyzed links for URL: https://internetvalore.it/en/services/ecommerce (found: 0)
2025-04-08 22:15:07,970 - seo_links - INFO - Analyzed links for URL: https://internetvalore.it/en/instant-websites (found: 0)
2025-04-08 22:15:07,970 - seo_links - INFO - Analyzed links for URL: https://internetvalore.it/it/specializations (found: 0)
2025-04-08 22:15:07,970 - seo_links - INFO - Analyzed links for URL: https://internetvalore.it/en/about (found: 0)
2025-04-08 22:15:07,970 - seo_links - INFO - Analyzed links for URL: https://internetvalore.it/it/testimonials (found: 0)
2025-04-08 22:15:07,970 - seo_links - INFO - Analyzed links for URL: https://internetvalore.it/it/services/analytics (found: 0)
2025-04-08 22:15:07,970 - seo_links - INFO - Analyzed links for URL: https://internetvalore.it/en/specializations (found: 0)
2025-04-08 22:15:07,970 - seo_links - INFO - Analyzed links for URL: https://internetvalore.it/en/testimonials (found: 0)
2025-04-08 22:15:07,970 - seo_links - INFO - Analyzed links for URL: https://internetvalore.it/it/about (found: 0)
2025-04-08 22:15:07,970 - seo_links - INFO - Analyzed links for URL: https://internetvalore.it/it/services/ads (found: 0)
2025-04-08 22:15:07,970 - seo_links - INFO - Analyzed links for URL: https://internetvalore.it/en/services/lead-generation (found: 0)
2025-04-08 22:15:07,970 - seo_links - INFO - Analyzed links for URL: https://internetvalore.it/en/services/ads (found: 0)
2025-04-08 22:15:07,979 - seo_reachability - INFO - Analyzing reachability
2025-04-08 22:15:07,979 - seo_reachability - INFO - Analyzing reachability
2025-04-08 22:15:11,463 - seo_main_topic - INFO - Analyzing main topics
