2025-04-06 16:47:50,638 - seo_crawler - INFO - Crawling website: https://www.idrostar.net
2025-04-06 16:47:50,638 - seo_crawler - INFO - Visiting URL: https://www.idrostar.net (depth: 0)
2025-04-06 16:47:53,796 - seo_crawler - INFO - Visiting URL: https://www.idrostar.net/ (depth: 1)
2025-04-06 16:47:54,854 - seo_crawler - INFO - Visiting URL: https://www.idrostar.net/azienda/ (depth: 1)
2025-04-06 16:47:55,875 - seo_crawler - INFO - Visiting URL: https://www.idrostar.net/contatti/ (depth: 1)
2025-04-06 16:47:56,905 - seo_crawler - INFO - Visiting URL: https://www.idrostar.net/gruppi-antincendio/ (depth: 1)
2025-04-06 16:47:58,067 - seo_crawler - INFO - Visiting URL: https://www.idrostar.net/gruppi-antincendio/#end-suction (depth: 1)
2025-04-06 16:47:59,159 - seo_crawler - INFO - Visiting URL: https://www.idrostar.net/gruppi-antincendio/#vertical-turbin-pump (depth: 1)
2025-04-06 16:48:00,366 - seo_crawler - INFO - Visiting URL: https://www.idrostar.net/t-room-locali-tecnici/ (depth: 1)
2025-04-06 16:48:01,405 - seo_crawler - INFO - Visiting URL: https://www.idrostar.net/news/ (depth: 1)
2025-04-06 16:48:02,601 - seo_crawler - INFO - Visiting URL: https://www.idrostar.net/sistemi-integrati/ (depth: 1)
2025-04-06 16:48:03,613 - seo_crawler - INFO - Visiting URL: https://www.idrostar.net/info@idrostar.net (depth: 1)
2025-04-06 16:48:04,673 - seo_crawler - INFO - Visiting URL: https://www.idrostar.net/azienda/info@idrostar.net (depth: 2)
2025-04-06 16:48:05,659 - seo_crawler - INFO - Visiting URL: https://www.idrostar.net/contatti/info@idrostar.net (depth: 2)
2025-04-06 16:48:06,566 - seo_crawler - INFO - Visiting URL: https://www.idrostar.net/gruppi-antincendio/info@idrostar.net (depth: 2)
2025-04-06 16:48:07,479 - seo_crawler - INFO - Visiting URL: https://www.idrostar.net/t-room-locali-tecnici/info@idrostar.net (depth: 2)
2025-04-06 16:48:08,440 - seo_crawler - INFO - Visiting URL: https://www.idrostar.net/category/news/ (depth: 2)
2025-04-06 16:48:09,435 - seo_crawler - INFO - Visiting URL: https://www.idrostar.net/2025/01/04/qual-e-limportanza-delladdestramento-del-personale-sulluso-dei-gruppi-antincendio/ (depth: 2)
2025-04-06 16:48:10,502 - seo_crawler - INFO - Visiting URL: https://www.idrostar.net/2025/01/04/quali-sono-i-requisiti-per-la-manutenzione-preventiva-dei-gruppi-antincendio/ (depth: 2)
2025-04-06 16:48:11,697 - seo_crawler - INFO - Visiting URL: https://www.idrostar.net/2025/01/04/costi-associati-allinstallazione-di-un-gruppo-antincendio-in-unazienda/ (depth: 2)
2025-04-06 16:48:12,609 - seo_crawler - INFO - Visiting URL: https://www.idrostar.net/2025/01/04/quali-sono-i-requisiti-per-linstallazione-di-un-sistema-di-gruppo-antincendio-in-un-edificio-ad-uso-commerciale/ (depth: 2)
2025-04-06 16:48:13,597 - seo_crawler - INFO - Visiting URL: https://www.idrostar.net/2024/12/17/idrostar-leader-nel-mercato-dei-gruppi-antincendio/ (depth: 2)
2025-04-06 16:48:14,598 - seo_crawler - INFO - Visiting URL: https://www.idrostar.net/news/page/2/ (depth: 2)
2025-04-06 16:48:15,546 - seo_crawler - INFO - Visiting URL: https://www.idrostar.net/news/info@idrostar.net (depth: 2)
2025-04-06 16:48:17,499 - seo_crawler - INFO - Visiting URL: https://www.idrostar.net/sistemi-integrati/info@idrostar.net (depth: 2)
2025-04-06 16:48:18,486 - seo_crawler - INFO - Visiting URL: https://www.idrostar.net/category/news/page/2/ (depth: 3)
2025-04-06 16:48:19,464 - seo_crawler - INFO - Visiting URL: https://www.idrostar.net/category/news/info@idrostar.net (depth: 3)
2025-04-06 16:48:20,373 - seo_crawler - INFO - Visiting URL: https://www.idrostar.net/2025/01/04/qual-e-limportanza-delladdestramento-del-personale-sulluso-dei-gruppi-antincendio/info@idrostar.net (depth: 3)
2025-04-06 16:48:21,314 - seo_crawler - INFO - Visiting URL: https://www.idrostar.net/2025/01/04/quali-sono-i-requisiti-per-la-manutenzione-preventiva-dei-gruppi-antincendio/info@idrostar.net (depth: 3)
2025-04-06 16:48:22,208 - seo_crawler - INFO - Visiting URL: https://www.idrostar.net/2025/01/04/costi-associati-allinstallazione-di-un-gruppo-antincendio-in-unazienda/info@idrostar.net (depth: 3)
2025-04-06 16:48:23,091 - seo_crawler - INFO - Visiting URL: https://www.idrostar.net/2025/01/04/quali-sono-i-requisiti-per-linstallazione-di-un-sistema-di-gruppo-antincendio-in-un-edificio-ad-uso-commerciale/info@idrostar.net (depth: 3)
2025-04-06 16:48:23,956 - seo_crawler - INFO - Visiting URL: https://www.idrostar.net/2024/12/17/idrostar-leader-nel-mercato-dei-gruppi-antincendio/info@idrostar.net (depth: 3)
2025-04-06 16:48:24,900 - seo_crawler - INFO - Visiting URL: https://www.idrostar.net/2024/09/29/i-punti-imprescindibili-nella-scelta-di-un-gruppo-antincendio/ (depth: 3)
2025-04-06 16:48:26,084 - seo_crawler - INFO - Visiting URL: https://www.idrostar.net/2024/07/10/idrostar-gruppi-antincendio-affidabili/ (depth: 3)
2025-04-06 16:48:27,178 - seo_crawler - INFO - Visiting URL: https://www.idrostar.net/news/page/1/ (depth: 3)
2025-04-06 16:48:28,456 - seo_crawler - INFO - Visiting URL: https://www.idrostar.net/news/page/2/info@idrostar.net (depth: 3)
2025-04-06 16:48:29,510 - seo_crawler - INFO - Visiting URL: https://www.idrostar.net/category/news/page/1/ (depth: 4)
2025-04-06 16:48:30,888 - seo_crawler - INFO - Visiting URL: https://www.idrostar.net/category/news/page/2/info@idrostar.net (depth: 4)
2025-04-06 16:48:31,928 - seo_crawler - INFO - Visiting URL: https://www.idrostar.net/2024/09/29/i-punti-imprescindibili-nella-scelta-di-un-gruppo-antincendio/info@idrostar.net (depth: 4)
2025-04-06 16:48:32,941 - seo_crawler - INFO - Visiting URL: https://www.idrostar.net/2024/07/10/idrostar-gruppi-antincendio-affidabili/info@idrostar.net (depth: 4)
2025-04-06 16:48:34,020 - seo_crawler - INFO - Visiting URL: https://www.idrostar.net/news/page/1/info@idrostar.net (depth: 4)
2025-04-06 16:48:35,095 - seo_crawler - INFO - Visiting URL: https://www.idrostar.net/category/news/page/1/info@idrostar.net (depth: 5)
