2025-04-06 18:39:14,908 - seo_crawler - INFO - Processing sitemap: https://internetvalore.it/sitemap.xml
2025-04-06 18:39:15,252 - seo_crawler - INFO - Processing sitemap
2025-04-06 18:39:15,263 - seo_crawler - INFO - Crawling website: https://internetvalore.it
2025-04-06 18:39:15,264 - seo_crawler - INFO - Visiting URL: https://internetvalore.it (depth: 0)
2025-04-06 18:39:18,997 - seo_content_loader - INFO - Loaded URL: https://internetvalore.it/services/lead-generation (status code: 200)
2025-04-06 18:39:18,997 - seo_content_loader - INFO - Loaded URL: https://internetvalore.it/en/landing-page-professionali (status code: 200)
2025-04-06 18:39:18,999 - seo_content_loader - INFO - Loaded URL: https://internetvalore.it/en/ (status code: 200)
2025-04-06 18:39:18,999 - seo_content_loader - INFO - Loaded URL: https://internetvalore.it/landing-page-professionali (status code: 200)
2025-04-06 18:39:18,999 - seo_content_loader - INFO - Loaded URL: https://internetvalore.it/en/services/ecommerce (status code: 200)
2025-04-06 18:39:19,010 - seo_content_loader - INFO - Loaded URL: https://internetvalore.it/services/ecommerce (status code: 200)
2025-04-06 18:39:19,010 - seo_content_loader - INFO - Loaded URL: https://internetvalore.it/en/flipping-catalog (status code: 200)
2025-04-06 18:39:19,011 - seo_content_loader - INFO - Loaded URL: https://internetvalore.it/services/ads (status code: 200)
2025-04-06 18:39:19,011 - seo_content_loader - INFO - Loaded URL: https://internetvalore.it/en/specializations (status code: 200)
2025-04-06 18:39:19,012 - seo_content_loader - INFO - Loaded URL: https://internetvalore.it/services/analytics (status code: 200)
2025-04-06 18:39:19,012 - seo_content_loader - INFO - Loaded URL: https://internetvalore.it/en/about (status code: 200)
2025-04-06 18:39:19,012 - seo_content_loader - INFO - Loaded URL: https://internetvalore.it/flipping-catalog (status code: 200)
2025-04-06 18:39:19,013 - seo_content_loader - INFO - Loaded URL: https://internetvalore.it/en/services/analytics (status code: 200)
2025-04-06 18:39:19,013 - seo_content_loader - INFO - Loaded URL: https://internetvalore.it/services/rispondi-subito (status code: 200)
2025-04-06 18:39:19,014 - seo_content_loader - INFO - Loaded URL: https://internetvalore.it/en/services/lead-generation (status code: 200)
2025-04-06 18:39:19,014 - seo_content_loader - INFO - Loaded URL: https://internetvalore.it/about (status code: 200)
2025-04-06 18:39:19,014 - seo_content_loader - INFO - Loaded URL: https://internetvalore.it/specializations (status code: 200)
2025-04-06 18:39:19,014 - seo_content_loader - INFO - Loaded URL: https://internetvalore.it/en/instant-websites (status code: 200)
2025-04-06 18:39:19,014 - seo_content_loader - INFO - Loaded URL: https://internetvalore.it (status code: 200)
2025-04-06 18:39:19,015 - seo_content_loader - INFO - Loaded URL: https://internetvalore.it/en/services/rispondi-subito (status code: 200)
2025-04-06 18:39:19,015 - seo_content_loader - INFO - Loaded URL: https://internetvalore.it/en/services/ads (status code: 200)
2025-04-06 18:39:19,022 - seo_content_loader - INFO - Loaded URL: https://internetvalore.it/ (status code: 200)
2025-04-06 18:39:19,022 - seo_content_loader - INFO - Loaded URL: https://internetvalore.it/instant-websites (status code: 200)
