2025-04-08 22:30:33,126 - seo_crawler - INFO - Processing sitemap: https://www.stihl.it/sitemap.xml
2025-04-08 22:30:33,189 - seo_crawler - INFO - Processing sitemap
2025-04-08 22:30:33,201 - seo_crawler - INFO - Crawling website: https://www.stihl.it
2025-04-08 22:30:33,201 - seo_crawler - INFO - Visiting URL: https://www.stihl.it (depth: 0)
2025-04-08 22:30:33,280 - seo_crawler - INFO - Visiting URL: https://www.stihl.it/it/rivenditori (depth: 1)
2025-04-08 22:30:33,332 - seo_crawler - INFO - Visiting URL: https://www.stihl.it/it (depth: 1)
2025-04-08 22:30:33,396 - seo_crawler - INFO - Visiting URL: https://www.stihl.it/it/ricerca?text=batteria (depth: 1)
2025-04-08 22:30:33,440 - seo_crawler - INFO - Visiting URL: https://www.stihl.it/it/tecnologia-stihl/carica-batteria-stihl (depth: 1)
2025-04-08 22:30:33,486 - seo_crawler - INFO - Visiting URL: https://www.stihl.it/it/ac/accessori-attrezzi-a-batteria-99386 (depth: 1)
2025-04-08 22:30:33,552 - seo_crawler - INFO - Visiting URL: https://www.stihl.it/it/c/motoseghe-motoseghe-98176 (depth: 1)
2025-04-08 22:30:33,733 - seo_crawler - INFO - Visiting URL: https://www.stihl.it/it/c/sramatori-172007 (depth: 1)
2025-04-08 22:30:44,247 - seo_crawler - INFO - Visiting URL: https://www.stihl.it/it/c/tosasiepi-tagliasiepi-98171 (depth: 1)
2025-04-08 22:30:44,580 - seo_crawler - INFO - Visiting URL: https://www.stihl.it/it/c/sistema-kombi-multi-98055 (depth: 1)
2025-04-08 22:30:54,720 - seo_crawler - INFO - Visiting URL: https://www.stihl.it/it/c/cesoie-da-giardino-cesoie-per-rami-seghe-per-rami-potatore-97968 (depth: 1)
2025-04-08 22:30:58,664 - seo_crawler - INFO - Visiting URL: https://www.stihl.it/it/c/asce-accette-martelli-attrezzi-forestali-98053 (depth: 1)
2025-04-08 22:30:58,746 - seo_crawler - INFO - Visiting URL: https://www.stihl.it/it/c/troncatrici-98160 (depth: 1)
2025-04-08 22:30:58,904 - seo_crawler - INFO - Visiting URL: https://www.stihl.it/it/c/motoseghe-per-il-taglio-di-materiali-edili-172119 (depth: 1)
2025-04-08 22:30:59,002 - seo_crawler - INFO - Visiting URL: https://www.stihl.it/it/c/tagliabordi-decespugliatori-98236 (depth: 1)
2025-04-08 22:30:59,113 - seo_crawler - INFO - Visiting URL: https://www.stihl.it/it/c/robot-tosaerba-98119 (depth: 1)
2025-04-08 22:31:07,152 - seo_crawler - INFO - Visiting URL: https://www.stihl.it/it/c/tosaerba-97983 (depth: 1)
2025-04-08 22:31:07,216 - seo_crawler - INFO - Visiting URL: https://www.stihl.it/it/c/tosaerba-mulching-98010 (depth: 1)
2025-04-08 22:31:07,311 - seo_crawler - INFO - Visiting URL: https://www.stihl.it/it/c/arieggiatori-per-prato-98241 (depth: 1)
2025-04-08 22:31:12,383 - seo_crawler - INFO - Visiting URL: https://www.stihl.it/it/c/motozappe-98153 (depth: 1)
2025-04-08 22:31:20,048 - seo_crawler - INFO - Visiting URL: https://www.stihl.it/it/c/trattorini-trattorini-da-giardino-98215 (depth: 1)
2025-04-08 22:31:23,806 - seo_crawler - INFO - Visiting URL: https://www.stihl.it/it/c/abbacchiatori-scuotitori-156287 (depth: 1)
2025-04-08 22:31:23,867 - seo_crawler - INFO - Visiting URL: https://www.stihl.it/it/c/trivella-98075 (depth: 1)
2025-04-08 22:31:29,427 - seo_crawler - INFO - Visiting URL: https://www.stihl.it/it/c/atomizzatori-irroratori-98224 (depth: 1)
2025-04-08 22:31:32,715 - seo_crawler - INFO - Visiting URL: https://www.stihl.it/it/c//pompe-idrovore-164059 (depth: 1)
2025-04-08 22:31:33,831 - seo_crawler - INFO - Visiting URL: https://www.stihl.it/it/c/idropulitrice-ad-alta-pressione-98132 (depth: 1)
2025-04-08 22:31:33,954 - seo_crawler - INFO - Visiting URL: https://www.stihl.it/it/c/aspiratori-a-secco-e-a-umido-98199 (depth: 1)
2025-04-08 22:31:34,135 - seo_crawler - INFO - Visiting URL: https://www.stihl.it/it/c/spazzatrici-98207 (depth: 1)
2025-04-08 22:31:34,231 - seo_crawler - INFO - Visiting URL: https://www.stihl.it/it/c/biotrituratori-97981 (depth: 1)
2025-04-08 22:31:41,849 - seo_crawler - INFO - Visiting URL: https://www.stihl.it/it/c/soffiatori-aspiratori-trituratori-97976 (depth: 1)
2025-04-08 22:31:41,946 - seo_crawler - INFO - Visiting URL: https://www.stihl.it/it/c/gestione-carica-173747 (depth: 1)
2025-04-08 22:31:42,021 - seo_crawler - INFO - Visiting URL: https://www.stihl.it/it/novita/offerte-e-promozioni (depth: 1)
2025-04-08 22:31:42,085 - seo_crawler - INFO - Visiting URL: https://www.stihl.it/it/campaign/repeating-campaigns/consumer/primavera (depth: 1)
2025-04-08 22:31:42,165 - seo_crawler - INFO - Visiting URL: https://www.stihl.it/it/novita/offerte-e-promozioni/i-pi%C3%B9-venduti-del-momento (depth: 1)
2025-04-08 22:31:42,293 - seo_crawler - INFO - Visiting URL: https://www.stihl.it/it/novita/offerte-e-promozioni/nuovi-prodotti (depth: 1)
2025-04-08 22:31:42,342 - seo_crawler - INFO - Visiting URL: https://www.stihl.it/it/novita/offerte-e-promozioni/stihl-set-pacchetti (depth: 1)
2025-04-08 22:31:42,390 - seo_crawler - INFO - Visiting URL: https://www.stihl.it/it/campaign/one-time-campaigns/stihl-brandshop (depth: 1)
2025-04-08 22:31:42,469 - seo_crawler - INFO - Visiting URL: https://www.stihl.it/it/ac/articoli-pubblicitari-172130/abbigliamento-uomo-172128 (depth: 1)
2025-04-08 22:31:42,533 - seo_crawler - INFO - Visiting URL: https://www.stihl.it/it/ac/articoli-pubblicitari-172130/abbigliamento-donna-172135 (depth: 1)
2025-04-08 22:31:42,597 - seo_crawler - INFO - Visiting URL: https://www.stihl.it/it/ac/articoli-pubblicitari-172130/abbigliamento-bambini-172129 (depth: 1)
2025-04-08 22:31:42,693 - seo_crawler - INFO - Visiting URL: https://www.stihl.it/it/ac/articoli-pubblicitari-172130/brandshop-accessori-172131 (depth: 1)
2025-04-08 22:31:42,805 - seo_crawler - INFO - Visiting URL: https://www.stihl.it/it/ac/articoli-pubblicitari-172130/tempo-libero-172134 (depth: 1)
2025-04-08 22:31:42,884 - seo_crawler - INFO - Visiting URL: https://www.stihl.it/it/prodotti/attrezzatura-attrezzi (depth: 1)
2025-04-08 22:31:42,948 - seo_crawler - INFO - Visiting URL: https://www.stihl.it/it/ac/motoseghe-accessori-accessori-motoseghe-98285 (depth: 1)
2025-04-08 22:31:42,996 - seo_crawler - INFO - Visiting URL: https://www.stihl.it/it/ac/accessori-per-tagliasiepi-99417 (depth: 1)
2025-04-08 22:31:43,060 - seo_crawler - INFO - Visiting URL: https://www.stihl.it/it/ac/tagliabordi-accessori-accessori-decespugliatori-99374 (depth: 1)
2025-04-08 22:31:43,123 - seo_crawler - INFO - Visiting URL: https://www.stihl.it/it/ac/accessori-soffiatore-99380 (depth: 1)
2025-04-08 22:31:43,266 - seo_crawler - INFO - Visiting URL: https://www.stihl.it/it/ac/accessori-per-sramatore-99414 (depth: 1)
2025-04-08 22:31:43,330 - seo_crawler - INFO - Visiting URL: https://www.stihl.it/it/ac/kombi-multi-system-accessori-99377 (depth: 1)
2025-04-08 22:31:43,394 - seo_crawler - INFO - Visiting URL: https://www.stihl.it/it/ac/accessori-per-robot-tosaerba-100085 (depth: 1)
2025-04-08 22:31:43,457 - seo_crawler - INFO - Visiting URL: https://www.stihl.it/it/ac/accessori-per-tosaerba-99393 (depth: 1)
2025-04-08 22:31:43,537 - seo_crawler - INFO - Visiting URL: https://www.stihl.it/it/ac/accessori-per-trattorini-99394 (depth: 1)
2025-04-08 22:31:43,601 - seo_crawler - INFO - Visiting URL: https://www.stihl.it/it/ac/accessori-per-arieggiatori-99423 (depth: 1)
2025-04-08 22:31:43,713 - seo_crawler - INFO - Visiting URL: https://www.stihl.it/it/ac/accessori-per-biotrituratori-99407 (depth: 1)
2025-04-08 22:31:48,978 - seo_crawler - INFO - Visiting URL: https://www.stihl.it/it/ac/accessori-per-motozappe-99389 (depth: 1)
2025-04-08 22:31:49,045 - seo_crawler - INFO - Visiting URL: https://www.stihl.it/it/ac/accessori-per-idropulitrici-99429 (depth: 1)
2025-04-08 22:31:49,110 - seo_crawler - INFO - Visiting URL: https://www.stihl.it/it/ac/accessori-per-aspiratore-a-umido-e-a-secco-99413 (depth: 1)
2025-04-08 22:31:49,163 - seo_crawler - INFO - Visiting URL: https://www.stihl.it/it/ac/accessori-troncatrici-99392 (depth: 1)
2025-04-08 22:31:49,219 - seo_crawler - INFO - Visiting URL: https://www.stihl.it/it/ac/accessori-per-trivelle-99383 (depth: 1)
2025-04-08 22:31:58,876 - seo_crawler - INFO - Visiting URL: https://www.stihl.it/it/c/potatori-cesoie-seghe-97968 (depth: 1)
2025-04-08 22:31:59,053 - seo_crawler - INFO - Visiting URL: https://www.stihl.it/it/ac/sistema-as-112375 (depth: 1)
2025-04-08 22:31:59,090 - seo_crawler - INFO - Visiting URL: https://www.stihl.it/it/ac/sistema-ak-99656 (depth: 1)
2025-04-08 22:31:59,137 - seo_crawler - INFO - Visiting URL: https://www.stihl.it/it/ac/sistema-ap-100144 (depth: 1)
2025-04-08 22:31:59,201 - seo_crawler - INFO - Visiting URL: https://www.stihl.it/it/ac/carburanti-98280 (depth: 1)
2025-04-08 22:31:59,272 - seo_crawler - INFO - Visiting URL: https://www.stihl.it/it/ac/carburanti-98279 (depth: 1)
2025-04-08 22:32:03,824 - seo_crawler - INFO - Visiting URL: https://www.stihl.it/it/ac/oli-motore-oli-catena-98467 (depth: 1)
2025-04-08 22:32:03,876 - seo_crawler - INFO - Visiting URL: https://www.stihl.it/it/ac/prodotti-per-pulizia-98375 (depth: 1)
2025-04-08 22:32:07,612 - seo_crawler - INFO - Visiting URL: https://www.stihl.it/it/ac/sistemi-di-riempimento-taniche-98412 (depth: 1)
2025-04-08 22:32:17,040 - seo_crawler - INFO - Visiting URL: https://www.stihl.it/it/c/connettivita-prodotti-smart-98249 (depth: 1)
